<?xml version="1.0" encoding="UTF-8"?>
<!-- Generated by org.testng.reporters.JUnitXMLReporter -->
<testsuite hostname="LAPTOP-7HUNRUID" ignored="0" name="Surefire test" tests="4" failures="0" timestamp="2020-04-19T19:41:49 BST" time="76.866" errors="0">
  <testcase name="verifyHarrowCouncilLogoIsDisplayed" time="0.178" classname="uk.harrow.gov.testsuite.HomePageTest"/>
  <testcase name="verifyLoginLinkIsDisplayed" time="0.105" classname="uk.harrow.gov.testsuite.HomePageTest"/>
  <testcase name="verifyServicesLinkIsDisplayed" time="0.092" classname="uk.harrow.gov.testsuite.HomePageTest"/>
  <testcase name="verifyUserIsAbleToNavigatetoLoginPage" time="14.568" classname="uk.harrow.gov.testsuite.LoginTest"/>
</testsuite> <!-- Surefire test -->
